Start testing: May 04 02:12 MSK
----------------------------------------------------------
1/1 Testing: test1
1/1 Test: test1
Command: "/home/ownclo/workspace/cpp/google-test-examples/google-test-examples_test"
Directory: /home/ownclo/workspace/cpp/google-test-examples
"test1" start time: May 04 02:12 MSK
Output:
----------------------------------------------------------
Running main() from gtest_main.cc
[==========] Running 3 tests from 1 test case.
[----------] Global test environment set-up.
[----------] 3 tests from cpp_sorter_test
[ RUN      ] cpp_sorter_test.null_term_str_sort
[       OK ] cpp_sorter_test.null_term_str_sort (0 ms)
[ RUN      ] cpp_sorter_test.char_arr_sort
[       OK ] cpp_sorter_test.char_arr_sort (0 ms)
[ RUN      ] cpp_sorter_test.int_arr_sort
[       OK ] cpp_sorter_test.int_arr_sort (0 ms)
[----------] 3 tests from cpp_sorter_test (0 ms total)

[----------] Global test environment tear-down
[==========] 3 tests from 1 test case ran. (0 ms total)
[  PASSED  ] 3 tests.
<end of output>
Test time =   0.00 sec
----------------------------------------------------------
Test Passed.
"test1" end time: May 04 02:12 MSK
"test1" time elapsed: 00:00:00
----------------------------------------------------------

End testing: May 04 02:12 MSK
